[2025-04-05T17:14:25.680+0000] {logging_mixin.py:149} INFO - Changing /opt/***/logs/dag_id=Pipeline-proyecto2/run_id=manual__2025-04-05T17:14:18.319793+00:00/task_id=load_raw_data permission to 509
[2025-04-05T17:14:25.718+0000] {logging_mixin.py:149} INFO - Changing /opt/***/logs/dag_id=Pipeline-proyecto2/run_id=manual__2025-04-05T17:14:18.319793+00:00/task_id=load_raw_data permission to 509
[2025-04-05T17:14:25.753+0000] {taskinstance.py:1125} INFO - Dependencies all met for dep_context=non-requeueable deps ti=<TaskInstance: Pipeline-proyecto2.load_raw_data manual__2025-04-05T17:14:18.319793+00:00 [queued]>
[2025-04-05T17:14:25.763+0000] {taskinstance.py:1125} INFO - Dependencies all met for dep_context=requeueable deps ti=<TaskInstance: Pipeline-proyecto2.load_raw_data manual__2025-04-05T17:14:18.319793+00:00 [queued]>
[2025-04-05T17:14:25.766+0000] {taskinstance.py:1331} INFO - Starting attempt 1 of 1
[2025-04-05T17:14:25.782+0000] {taskinstance.py:1350} INFO - Executing <Task(PythonOperator): load_raw_data> on 2025-04-05 17:14:18.319793+00:00
[2025-04-05T17:14:25.802+0000] {standard_task_runner.py:57} INFO - Started process 2008 to run task
[2025-04-05T17:14:25.808+0000] {standard_task_runner.py:84} INFO - Running: ['***', 'tasks', 'run', 'Pipeline-proyecto2', 'load_raw_data', 'manual__2025-04-05T17:14:18.319793+00:00', '--job-id', '11', '--raw', '--subdir', 'DAGS_FOLDER/dag-proyecto2.py', '--cfg-path', '/tmp/tmp6h9i2w0t']
[2025-04-05T17:14:25.815+0000] {standard_task_runner.py:85} INFO - Job 11: Subtask load_raw_data
[2025-04-05T17:14:25.884+0000] {logging_mixin.py:149} INFO - Changing /opt/***/logs/dag_id=Pipeline-proyecto2/run_id=manual__2025-04-05T17:14:18.319793+00:00/task_id=load_raw_data permission to 509
[2025-04-05T17:14:25.888+0000] {task_command.py:410} INFO - Running <TaskInstance: Pipeline-proyecto2.load_raw_data manual__2025-04-05T17:14:18.319793+00:00 [running]> on host d8a8722a294d
[2025-04-05T17:14:25.978+0000] {taskinstance.py:1568} INFO - Exporting env vars: AIRFLOW_CTX_DAG_OWNER='***' AIRFLOW_CTX_DAG_ID='Pipeline-proyecto2' AIRFLOW_CTX_TASK_ID='load_raw_data' AIRFLOW_CTX_EXECUTION_DATE='2025-04-05T17:14:18.319793+00:00' AIRFLOW_CTX_TRY_NUMBER='1' AIRFLOW_CTX_DAG_RUN_ID='manual__2025-04-05T17:14:18.319793+00:00'
[2025-04-05T17:14:27.071+0000] {logging_mixin.py:149} INFO - Añadiendo datos batch 1
[2025-04-05T17:14:36.565+0000] {logging_mixin.py:149} INFO - Batch repetido. No se añaden datos
[2025-04-05T17:14:39.933+0000] {logging_mixin.py:149} INFO - Añadiendo datos batch 2
[2025-04-05T17:14:43.718+0000] {logging_mixin.py:149} INFO - Batch repetido. No se añaden datos
[2025-04-05T17:14:46.954+0000] {logging_mixin.py:149} INFO - Añadiendo datos batch 3
[2025-04-05T17:14:50.210+0000] {logging_mixin.py:149} INFO - Batch repetido. No se añaden datos
[2025-04-05T17:14:53.507+0000] {logging_mixin.py:149} INFO - Añadiendo datos batch 4
[2025-04-05T17:14:56.986+0000] {logging_mixin.py:149} INFO - Batch repetido. No se añaden datos
[2025-04-05T17:15:00.259+0000] {logging_mixin.py:149} INFO - Añadiendo datos batch 5
[2025-04-05T17:15:03.562+0000] {logging_mixin.py:149} INFO - Batch repetido. No se añaden datos
[2025-04-05T17:15:04.084+0000] {logging_mixin.py:149} INFO - Batch repetido. No se añaden datos
[2025-04-05T17:15:07.352+0000] {logging_mixin.py:149} INFO - Añadiendo datos batch 6
[2025-04-05T17:15:10.708+0000] {logging_mixin.py:149} INFO - Batch repetido. No se añaden datos
[2025-04-05T17:15:14.133+0000] {logging_mixin.py:149} INFO - Añadiendo datos batch 7
[2025-04-05T17:15:17.429+0000] {logging_mixin.py:149} INFO - Batch repetido. No se añaden datos
[2025-04-05T17:15:20.660+0000] {logging_mixin.py:149} INFO - Añadiendo datos batch 8
[2025-04-05T17:15:23.955+0000] {logging_mixin.py:149} INFO - Batch repetido. No se añaden datos
[2025-04-05T17:15:27.376+0000] {logging_mixin.py:149} INFO - Añadiendo datos batch 9
[2025-04-05T17:15:30.745+0000] {logging_mixin.py:149} INFO - Batch repetido. No se añaden datos
[2025-04-05T17:15:31.381+0000] {logging_mixin.py:149} INFO - Batch repetido. No se añaden datos
[2025-04-05T17:15:34.619+0000] {logging_mixin.py:149} INFO - Añadiendo datos batch 10
[2025-04-05T17:15:34.653+0000] {logging_mixin.py:149} INFO - Todos los datos han sido guardados
[2025-04-05T17:15:38.983+0000] {python.py:183} INFO - Done. Returned value was: None
[2025-04-05T17:15:38.997+0000] {taskinstance.py:1368} INFO - Marking task as SUCCESS. dag_id=Pipeline-proyecto2, task_id=load_raw_data, execution_date=20250405T171418, start_date=20250405T171425, end_date=20250405T171538
[2025-04-05T17:15:39.076+0000] {local_task_job_runner.py:232} INFO - Task exited with return code 0
[2025-04-05T17:15:39.110+0000] {taskinstance.py:2674} INFO - 1 downstream tasks scheduled from follow-on schedule check
