[2025-05-01T01:16:16.292+0000] {processor.py:156} INFO - Started process (PID=43) to work on /opt/airflow/dags/dag-proyecto2.py
[2025-05-01T01:16:16.294+0000] {processor.py:799} INFO - Processing file /opt/airflow/dags/dag-proyecto2.py for tasks to queue
[2025-05-01T01:16:16.295+0000] {logging_mixin.py:149} INFO - [2025-05-01T01:16:16.295+0000] {dagbag.py:541} INFO - Filling up the DagBag from /opt/airflow/dags/dag-proyecto2.py
[2025-05-01T01:16:24.432+0000] {processor.py:809} INFO - DAG(s) dict_keys(['Pipeline-proyecto2']) retrieved from /opt/airflow/dags/dag-proyecto2.py
[2025-05-01T01:16:24.565+0000] {logging_mixin.py:149} INFO - [2025-05-01T01:16:24.563+0000] {dag.py:2726} INFO - Sync 1 DAGs
[2025-05-01T01:16:24.762+0000] {logging_mixin.py:149} INFO - [2025-05-01T01:16:24.760+0000] {dag.py:3486} INFO - Setting next_dagrun for Pipeline-proyecto2 to None, run_after=None
[2025-05-01T01:16:24.849+0000] {processor.py:178} INFO - Processing /opt/airflow/dags/dag-proyecto2.py took 8.563 seconds
[2025-05-01T01:16:55.449+0000] {processor.py:156} INFO - Started process (PID=74) to work on /opt/airflow/dags/dag-proyecto2.py
[2025-05-01T01:16:55.452+0000] {processor.py:799} INFO - Processing file /opt/airflow/dags/dag-proyecto2.py for tasks to queue
[2025-05-01T01:16:55.454+0000] {logging_mixin.py:149} INFO - [2025-05-01T01:16:55.454+0000] {dagbag.py:541} INFO - Filling up the DagBag from /opt/airflow/dags/dag-proyecto2.py
[2025-05-01T01:17:02.533+0000] {processor.py:809} INFO - DAG(s) dict_keys(['Pipeline-proyecto2']) retrieved from /opt/airflow/dags/dag-proyecto2.py
[2025-05-01T01:17:02.564+0000] {logging_mixin.py:149} INFO - [2025-05-01T01:17:02.563+0000] {dag.py:2726} INFO - Sync 1 DAGs
[2025-05-01T01:17:02.592+0000] {logging_mixin.py:149} INFO - [2025-05-01T01:17:02.591+0000] {dag.py:3486} INFO - Setting next_dagrun for Pipeline-proyecto2 to None, run_after=None
[2025-05-01T01:17:03.000+0000] {processor.py:178} INFO - Processing /opt/airflow/dags/dag-proyecto2.py took 7.564 seconds
[2025-05-01T01:17:33.090+0000] {processor.py:156} INFO - Started process (PID=97) to work on /opt/airflow/dags/dag-proyecto2.py
[2025-05-01T01:17:33.091+0000] {processor.py:799} INFO - Processing file /opt/airflow/dags/dag-proyecto2.py for tasks to queue
[2025-05-01T01:17:33.095+0000] {logging_mixin.py:149} INFO - [2025-05-01T01:17:33.095+0000] {dagbag.py:541} INFO - Filling up the DagBag from /opt/airflow/dags/dag-proyecto2.py
[2025-05-01T01:17:48.233+0000] {processor.py:809} INFO - DAG(s) dict_keys(['Pipeline-proyecto2']) retrieved from /opt/airflow/dags/dag-proyecto2.py
[2025-05-01T01:17:48.259+0000] {logging_mixin.py:149} INFO - [2025-05-01T01:17:48.259+0000] {dag.py:2726} INFO - Sync 1 DAGs
[2025-05-01T01:17:48.280+0000] {logging_mixin.py:149} INFO - [2025-05-01T01:17:48.280+0000] {dag.py:3486} INFO - Setting next_dagrun for Pipeline-proyecto2 to None, run_after=None
[2025-05-01T01:17:48.470+0000] {processor.py:178} INFO - Processing /opt/airflow/dags/dag-proyecto2.py took 15.386 seconds
[2025-05-01T01:18:18.590+0000] {processor.py:156} INFO - Started process (PID=120) to work on /opt/airflow/dags/dag-proyecto2.py
[2025-05-01T01:18:18.591+0000] {processor.py:799} INFO - Processing file /opt/airflow/dags/dag-proyecto2.py for tasks to queue
[2025-05-01T01:18:18.591+0000] {logging_mixin.py:149} INFO - [2025-05-01T01:18:18.591+0000] {dagbag.py:541} INFO - Filling up the DagBag from /opt/airflow/dags/dag-proyecto2.py
[2025-05-01T01:18:20.635+0000] {processor.py:809} INFO - DAG(s) dict_keys(['Pipeline-proyecto2']) retrieved from /opt/airflow/dags/dag-proyecto2.py
[2025-05-01T01:18:20.664+0000] {logging_mixin.py:149} INFO - [2025-05-01T01:18:20.664+0000] {dag.py:2726} INFO - Sync 1 DAGs
[2025-05-01T01:18:20.691+0000] {logging_mixin.py:149} INFO - [2025-05-01T01:18:20.691+0000] {dag.py:3486} INFO - Setting next_dagrun for Pipeline-proyecto2 to None, run_after=None
[2025-05-01T01:18:20.717+0000] {processor.py:178} INFO - Processing /opt/airflow/dags/dag-proyecto2.py took 2.131 seconds
[2025-05-01T01:18:50.991+0000] {processor.py:156} INFO - Started process (PID=143) to work on /opt/airflow/dags/dag-proyecto2.py
[2025-05-01T01:18:51.078+0000] {processor.py:799} INFO - Processing file /opt/airflow/dags/dag-proyecto2.py for tasks to queue
[2025-05-01T01:18:51.081+0000] {logging_mixin.py:149} INFO - [2025-05-01T01:18:51.081+0000] {dagbag.py:541} INFO - Filling up the DagBag from /opt/airflow/dags/dag-proyecto2.py
[2025-05-01T01:18:55.020+0000] {processor.py:809} INFO - DAG(s) dict_keys(['Pipeline-proyecto2']) retrieved from /opt/airflow/dags/dag-proyecto2.py
[2025-05-01T01:18:55.134+0000] {logging_mixin.py:149} INFO - [2025-05-01T01:18:55.133+0000] {dag.py:2726} INFO - Sync 1 DAGs
[2025-05-01T01:18:55.350+0000] {logging_mixin.py:149} INFO - [2025-05-01T01:18:55.350+0000] {dag.py:3486} INFO - Setting next_dagrun for Pipeline-proyecto2 to None, run_after=None
[2025-05-01T01:18:55.564+0000] {processor.py:178} INFO - Processing /opt/airflow/dags/dag-proyecto2.py took 4.502 seconds
[2025-05-01T01:19:25.845+0000] {processor.py:156} INFO - Started process (PID=173) to work on /opt/airflow/dags/dag-proyecto2.py
[2025-05-01T01:19:25.846+0000] {processor.py:799} INFO - Processing file /opt/airflow/dags/dag-proyecto2.py for tasks to queue
[2025-05-01T01:19:25.847+0000] {logging_mixin.py:149} INFO - [2025-05-01T01:19:25.847+0000] {dagbag.py:541} INFO - Filling up the DagBag from /opt/airflow/dags/dag-proyecto2.py
[2025-05-01T01:19:27.826+0000] {processor.py:809} INFO - DAG(s) dict_keys(['Pipeline-proyecto2']) retrieved from /opt/airflow/dags/dag-proyecto2.py
[2025-05-01T01:19:27.856+0000] {logging_mixin.py:149} INFO - [2025-05-01T01:19:27.855+0000] {dag.py:2726} INFO - Sync 1 DAGs
[2025-05-01T01:19:27.879+0000] {logging_mixin.py:149} INFO - [2025-05-01T01:19:27.878+0000] {dag.py:3486} INFO - Setting next_dagrun for Pipeline-proyecto2 to None, run_after=None
[2025-05-01T01:19:27.902+0000] {processor.py:178} INFO - Processing /opt/airflow/dags/dag-proyecto2.py took 2.060 seconds
[2025-05-01T01:19:58.131+0000] {processor.py:156} INFO - Started process (PID=196) to work on /opt/airflow/dags/dag-proyecto2.py
[2025-05-01T01:19:58.133+0000] {processor.py:799} INFO - Processing file /opt/airflow/dags/dag-proyecto2.py for tasks to queue
[2025-05-01T01:19:58.135+0000] {logging_mixin.py:149} INFO - [2025-05-01T01:19:58.135+0000] {dagbag.py:541} INFO - Filling up the DagBag from /opt/airflow/dags/dag-proyecto2.py
[2025-05-01T01:20:02.727+0000] {processor.py:809} INFO - DAG(s) dict_keys(['Pipeline-proyecto2']) retrieved from /opt/airflow/dags/dag-proyecto2.py
[2025-05-01T01:20:02.779+0000] {logging_mixin.py:149} INFO - [2025-05-01T01:20:02.778+0000] {dag.py:2726} INFO - Sync 1 DAGs
[2025-05-01T01:20:02.824+0000] {logging_mixin.py:149} INFO - [2025-05-01T01:20:02.824+0000] {dag.py:3486} INFO - Setting next_dagrun for Pipeline-proyecto2 to None, run_after=None
[2025-05-01T01:20:02.866+0000] {processor.py:178} INFO - Processing /opt/airflow/dags/dag-proyecto2.py took 4.742 seconds
[2025-05-01T01:20:33.179+0000] {processor.py:156} INFO - Started process (PID=219) to work on /opt/airflow/dags/dag-proyecto2.py
[2025-05-01T01:20:33.181+0000] {processor.py:799} INFO - Processing file /opt/airflow/dags/dag-proyecto2.py for tasks to queue
[2025-05-01T01:20:33.182+0000] {logging_mixin.py:149} INFO - [2025-05-01T01:20:33.182+0000] {dagbag.py:541} INFO - Filling up the DagBag from /opt/airflow/dags/dag-proyecto2.py
[2025-05-01T01:20:35.557+0000] {processor.py:809} INFO - DAG(s) dict_keys(['Pipeline-proyecto2']) retrieved from /opt/airflow/dags/dag-proyecto2.py
[2025-05-01T01:20:35.588+0000] {logging_mixin.py:149} INFO - [2025-05-01T01:20:35.587+0000] {dag.py:2726} INFO - Sync 1 DAGs
[2025-05-01T01:20:35.617+0000] {logging_mixin.py:149} INFO - [2025-05-01T01:20:35.617+0000] {dag.py:3486} INFO - Setting next_dagrun for Pipeline-proyecto2 to None, run_after=None
[2025-05-01T01:20:35.639+0000] {processor.py:178} INFO - Processing /opt/airflow/dags/dag-proyecto2.py took 2.464 seconds
[2025-05-01T01:21:05.896+0000] {processor.py:156} INFO - Started process (PID=242) to work on /opt/airflow/dags/dag-proyecto2.py
[2025-05-01T01:21:05.898+0000] {processor.py:799} INFO - Processing file /opt/airflow/dags/dag-proyecto2.py for tasks to queue
[2025-05-01T01:21:05.899+0000] {logging_mixin.py:149} INFO - [2025-05-01T01:21:05.899+0000] {dagbag.py:541} INFO - Filling up the DagBag from /opt/airflow/dags/dag-proyecto2.py
[2025-05-01T01:21:07.440+0000] {processor.py:809} INFO - DAG(s) dict_keys(['Pipeline-proyecto2']) retrieved from /opt/airflow/dags/dag-proyecto2.py
[2025-05-01T01:21:07.468+0000] {logging_mixin.py:149} INFO - [2025-05-01T01:21:07.468+0000] {dag.py:2726} INFO - Sync 1 DAGs
[2025-05-01T01:21:07.497+0000] {logging_mixin.py:149} INFO - [2025-05-01T01:21:07.496+0000] {dag.py:3486} INFO - Setting next_dagrun for Pipeline-proyecto2 to None, run_after=None
[2025-05-01T01:21:07.526+0000] {processor.py:178} INFO - Processing /opt/airflow/dags/dag-proyecto2.py took 1.634 seconds
[2025-05-01T01:21:37.848+0000] {processor.py:156} INFO - Started process (PID=264) to work on /opt/airflow/dags/dag-proyecto2.py
[2025-05-01T01:21:37.850+0000] {processor.py:799} INFO - Processing file /opt/airflow/dags/dag-proyecto2.py for tasks to queue
[2025-05-01T01:21:37.851+0000] {logging_mixin.py:149} INFO - [2025-05-01T01:21:37.851+0000] {dagbag.py:541} INFO - Filling up the DagBag from /opt/airflow/dags/dag-proyecto2.py
[2025-05-01T01:21:39.240+0000] {processor.py:809} INFO - DAG(s) dict_keys(['Pipeline-proyecto2']) retrieved from /opt/airflow/dags/dag-proyecto2.py
[2025-05-01T01:21:39.282+0000] {logging_mixin.py:149} INFO - [2025-05-01T01:21:39.282+0000] {dag.py:2726} INFO - Sync 1 DAGs
[2025-05-01T01:21:39.319+0000] {logging_mixin.py:149} INFO - [2025-05-01T01:21:39.319+0000] {dag.py:3486} INFO - Setting next_dagrun for Pipeline-proyecto2 to None, run_after=None
[2025-05-01T01:21:39.362+0000] {processor.py:178} INFO - Processing /opt/airflow/dags/dag-proyecto2.py took 1.519 seconds
[2025-05-01T01:22:09.601+0000] {processor.py:156} INFO - Started process (PID=287) to work on /opt/airflow/dags/dag-proyecto2.py
[2025-05-01T01:22:09.602+0000] {processor.py:799} INFO - Processing file /opt/airflow/dags/dag-proyecto2.py for tasks to queue
[2025-05-01T01:22:09.603+0000] {logging_mixin.py:149} INFO - [2025-05-01T01:22:09.603+0000] {dagbag.py:541} INFO - Filling up the DagBag from /opt/airflow/dags/dag-proyecto2.py
[2025-05-01T01:22:10.909+0000] {processor.py:809} INFO - DAG(s) dict_keys(['Pipeline-proyecto2']) retrieved from /opt/airflow/dags/dag-proyecto2.py
[2025-05-01T01:22:10.934+0000] {logging_mixin.py:149} INFO - [2025-05-01T01:22:10.934+0000] {dag.py:2726} INFO - Sync 1 DAGs
[2025-05-01T01:22:10.953+0000] {logging_mixin.py:149} INFO - [2025-05-01T01:22:10.953+0000] {dag.py:3486} INFO - Setting next_dagrun for Pipeline-proyecto2 to None, run_after=None
[2025-05-01T01:22:10.973+0000] {processor.py:178} INFO - Processing /opt/airflow/dags/dag-proyecto2.py took 1.375 seconds
[2025-05-01T01:22:41.226+0000] {processor.py:156} INFO - Started process (PID=310) to work on /opt/airflow/dags/dag-proyecto2.py
[2025-05-01T01:22:41.227+0000] {processor.py:799} INFO - Processing file /opt/airflow/dags/dag-proyecto2.py for tasks to queue
[2025-05-01T01:22:41.228+0000] {logging_mixin.py:149} INFO - [2025-05-01T01:22:41.228+0000] {dagbag.py:541} INFO - Filling up the DagBag from /opt/airflow/dags/dag-proyecto2.py
[2025-05-01T01:22:42.847+0000] {processor.py:809} INFO - DAG(s) dict_keys(['Pipeline-proyecto2']) retrieved from /opt/airflow/dags/dag-proyecto2.py
[2025-05-01T01:22:42.889+0000] {logging_mixin.py:149} INFO - [2025-05-01T01:22:42.889+0000] {dag.py:2726} INFO - Sync 1 DAGs
[2025-05-01T01:22:42.952+0000] {logging_mixin.py:149} INFO - [2025-05-01T01:22:42.952+0000] {dag.py:3486} INFO - Setting next_dagrun for Pipeline-proyecto2 to None, run_after=None
[2025-05-01T01:22:42.981+0000] {processor.py:178} INFO - Processing /opt/airflow/dags/dag-proyecto2.py took 1.761 seconds
[2025-05-01T01:23:13.075+0000] {processor.py:156} INFO - Started process (PID=333) to work on /opt/airflow/dags/dag-proyecto2.py
[2025-05-01T01:23:13.076+0000] {processor.py:799} INFO - Processing file /opt/airflow/dags/dag-proyecto2.py for tasks to queue
[2025-05-01T01:23:13.078+0000] {logging_mixin.py:149} INFO - [2025-05-01T01:23:13.078+0000] {dagbag.py:541} INFO - Filling up the DagBag from /opt/airflow/dags/dag-proyecto2.py
[2025-05-01T01:23:14.923+0000] {processor.py:809} INFO - DAG(s) dict_keys(['Pipeline-proyecto2']) retrieved from /opt/airflow/dags/dag-proyecto2.py
[2025-05-01T01:23:14.963+0000] {logging_mixin.py:149} INFO - [2025-05-01T01:23:14.961+0000] {dag.py:2726} INFO - Sync 1 DAGs
[2025-05-01T01:23:15.002+0000] {logging_mixin.py:149} INFO - [2025-05-01T01:23:15.001+0000] {dag.py:3486} INFO - Setting next_dagrun for Pipeline-proyecto2 to None, run_after=None
[2025-05-01T01:23:15.039+0000] {processor.py:178} INFO - Processing /opt/airflow/dags/dag-proyecto2.py took 1.968 seconds
[2025-05-01T01:23:45.381+0000] {processor.py:156} INFO - Started process (PID=356) to work on /opt/airflow/dags/dag-proyecto2.py
[2025-05-01T01:23:45.383+0000] {processor.py:799} INFO - Processing file /opt/airflow/dags/dag-proyecto2.py for tasks to queue
[2025-05-01T01:23:45.384+0000] {logging_mixin.py:149} INFO - [2025-05-01T01:23:45.384+0000] {dagbag.py:541} INFO - Filling up the DagBag from /opt/airflow/dags/dag-proyecto2.py
[2025-05-01T01:23:47.409+0000] {processor.py:809} INFO - DAG(s) dict_keys(['Pipeline-proyecto2']) retrieved from /opt/airflow/dags/dag-proyecto2.py
[2025-05-01T01:23:47.480+0000] {logging_mixin.py:149} INFO - [2025-05-01T01:23:47.479+0000] {dag.py:2726} INFO - Sync 1 DAGs
[2025-05-01T01:23:47.550+0000] {logging_mixin.py:149} INFO - [2025-05-01T01:23:47.550+0000] {dag.py:3486} INFO - Setting next_dagrun for Pipeline-proyecto2 to None, run_after=None
[2025-05-01T01:23:47.589+0000] {processor.py:178} INFO - Processing /opt/airflow/dags/dag-proyecto2.py took 2.216 seconds
[2025-05-01T01:24:17.919+0000] {processor.py:156} INFO - Started process (PID=379) to work on /opt/airflow/dags/dag-proyecto2.py
[2025-05-01T01:24:17.920+0000] {processor.py:799} INFO - Processing file /opt/airflow/dags/dag-proyecto2.py for tasks to queue
[2025-05-01T01:24:17.921+0000] {logging_mixin.py:149} INFO - [2025-05-01T01:24:17.921+0000] {dagbag.py:541} INFO - Filling up the DagBag from /opt/airflow/dags/dag-proyecto2.py
[2025-05-01T01:24:19.382+0000] {processor.py:809} INFO - DAG(s) dict_keys(['Pipeline-proyecto2']) retrieved from /opt/airflow/dags/dag-proyecto2.py
[2025-05-01T01:24:19.407+0000] {logging_mixin.py:149} INFO - [2025-05-01T01:24:19.406+0000] {dag.py:2726} INFO - Sync 1 DAGs
[2025-05-01T01:24:19.427+0000] {logging_mixin.py:149} INFO - [2025-05-01T01:24:19.426+0000] {dag.py:3486} INFO - Setting next_dagrun for Pipeline-proyecto2 to None, run_after=None
[2025-05-01T01:24:20.440+0000] {processor.py:178} INFO - Processing /opt/airflow/dags/dag-proyecto2.py took 2.524 seconds
[2025-05-01T01:24:50.804+0000] {processor.py:156} INFO - Started process (PID=402) to work on /opt/airflow/dags/dag-proyecto2.py
[2025-05-01T01:24:50.811+0000] {processor.py:799} INFO - Processing file /opt/airflow/dags/dag-proyecto2.py for tasks to queue
[2025-05-01T01:24:50.818+0000] {logging_mixin.py:149} INFO - [2025-05-01T01:24:50.818+0000] {dagbag.py:541} INFO - Filling up the DagBag from /opt/airflow/dags/dag-proyecto2.py
[2025-05-01T01:24:52.610+0000] {processor.py:809} INFO - DAG(s) dict_keys(['Pipeline-proyecto2']) retrieved from /opt/airflow/dags/dag-proyecto2.py
[2025-05-01T01:24:52.650+0000] {logging_mixin.py:149} INFO - [2025-05-01T01:24:52.649+0000] {dag.py:2726} INFO - Sync 1 DAGs
[2025-05-01T01:24:52.678+0000] {logging_mixin.py:149} INFO - [2025-05-01T01:24:52.678+0000] {dag.py:3486} INFO - Setting next_dagrun for Pipeline-proyecto2 to None, run_after=None
[2025-05-01T01:24:52.817+0000] {processor.py:178} INFO - Processing /opt/airflow/dags/dag-proyecto2.py took 2.025 seconds
[2025-05-01T01:25:23.146+0000] {processor.py:156} INFO - Started process (PID=425) to work on /opt/airflow/dags/dag-proyecto2.py
[2025-05-01T01:25:23.148+0000] {processor.py:799} INFO - Processing file /opt/airflow/dags/dag-proyecto2.py for tasks to queue
[2025-05-01T01:25:23.151+0000] {logging_mixin.py:149} INFO - [2025-05-01T01:25:23.150+0000] {dagbag.py:541} INFO - Filling up the DagBag from /opt/airflow/dags/dag-proyecto2.py
[2025-05-01T01:25:24.595+0000] {processor.py:809} INFO - DAG(s) dict_keys(['Pipeline-proyecto2']) retrieved from /opt/airflow/dags/dag-proyecto2.py
[2025-05-01T01:25:24.620+0000] {logging_mixin.py:149} INFO - [2025-05-01T01:25:24.620+0000] {dag.py:2726} INFO - Sync 1 DAGs
[2025-05-01T01:25:24.639+0000] {logging_mixin.py:149} INFO - [2025-05-01T01:25:24.639+0000] {dag.py:3486} INFO - Setting next_dagrun for Pipeline-proyecto2 to None, run_after=None
[2025-05-01T01:25:24.678+0000] {processor.py:178} INFO - Processing /opt/airflow/dags/dag-proyecto2.py took 1.536 seconds
[2025-05-01T01:25:55.004+0000] {processor.py:156} INFO - Started process (PID=455) to work on /opt/airflow/dags/dag-proyecto2.py
[2025-05-01T01:25:55.006+0000] {processor.py:799} INFO - Processing file /opt/airflow/dags/dag-proyecto2.py for tasks to queue
[2025-05-01T01:25:55.008+0000] {logging_mixin.py:149} INFO - [2025-05-01T01:25:55.008+0000] {dagbag.py:541} INFO - Filling up the DagBag from /opt/airflow/dags/dag-proyecto2.py
[2025-05-01T01:25:56.639+0000] {processor.py:809} INFO - DAG(s) dict_keys(['Pipeline-proyecto2']) retrieved from /opt/airflow/dags/dag-proyecto2.py
[2025-05-01T01:25:56.674+0000] {logging_mixin.py:149} INFO - [2025-05-01T01:25:56.674+0000] {dag.py:2726} INFO - Sync 1 DAGs
[2025-05-01T01:25:56.702+0000] {logging_mixin.py:149} INFO - [2025-05-01T01:25:56.702+0000] {dag.py:3486} INFO - Setting next_dagrun for Pipeline-proyecto2 to None, run_after=None
[2025-05-01T01:25:56.868+0000] {processor.py:178} INFO - Processing /opt/airflow/dags/dag-proyecto2.py took 1.804 seconds
[2025-05-01T01:26:27.189+0000] {processor.py:156} INFO - Started process (PID=478) to work on /opt/airflow/dags/dag-proyecto2.py
[2025-05-01T01:26:27.190+0000] {processor.py:799} INFO - Processing file /opt/airflow/dags/dag-proyecto2.py for tasks to queue
[2025-05-01T01:26:27.192+0000] {logging_mixin.py:149} INFO - [2025-05-01T01:26:27.191+0000] {dagbag.py:541} INFO - Filling up the DagBag from /opt/airflow/dags/dag-proyecto2.py
[2025-05-01T01:26:29.346+0000] {processor.py:809} INFO - DAG(s) dict_keys(['Pipeline-proyecto2']) retrieved from /opt/airflow/dags/dag-proyecto2.py
[2025-05-01T01:26:29.374+0000] {logging_mixin.py:149} INFO - [2025-05-01T01:26:29.374+0000] {dag.py:2726} INFO - Sync 1 DAGs
[2025-05-01T01:26:29.400+0000] {logging_mixin.py:149} INFO - [2025-05-01T01:26:29.399+0000] {dag.py:3486} INFO - Setting next_dagrun for Pipeline-proyecto2 to None, run_after=None
[2025-05-01T01:26:29.546+0000] {processor.py:178} INFO - Processing /opt/airflow/dags/dag-proyecto2.py took 2.362 seconds
[2025-05-01T01:26:59.846+0000] {processor.py:156} INFO - Started process (PID=501) to work on /opt/airflow/dags/dag-proyecto2.py
[2025-05-01T01:26:59.848+0000] {processor.py:799} INFO - Processing file /opt/airflow/dags/dag-proyecto2.py for tasks to queue
[2025-05-01T01:26:59.848+0000] {logging_mixin.py:149} INFO - [2025-05-01T01:26:59.848+0000] {dagbag.py:541} INFO - Filling up the DagBag from /opt/airflow/dags/dag-proyecto2.py
[2025-05-01T01:27:02.242+0000] {processor.py:809} INFO - DAG(s) dict_keys(['Pipeline-proyecto2']) retrieved from /opt/airflow/dags/dag-proyecto2.py
[2025-05-01T01:27:02.349+0000] {logging_mixin.py:149} INFO - [2025-05-01T01:27:02.347+0000] {dag.py:2726} INFO - Sync 1 DAGs
[2025-05-01T01:27:02.429+0000] {logging_mixin.py:149} INFO - [2025-05-01T01:27:02.429+0000] {dag.py:3486} INFO - Setting next_dagrun for Pipeline-proyecto2 to None, run_after=None
[2025-05-01T01:27:02.507+0000] {processor.py:178} INFO - Processing /opt/airflow/dags/dag-proyecto2.py took 2.664 seconds
[2025-05-01T01:27:32.655+0000] {processor.py:156} INFO - Started process (PID=524) to work on /opt/airflow/dags/dag-proyecto2.py
[2025-05-01T01:27:32.657+0000] {processor.py:799} INFO - Processing file /opt/airflow/dags/dag-proyecto2.py for tasks to queue
[2025-05-01T01:27:32.658+0000] {logging_mixin.py:149} INFO - [2025-05-01T01:27:32.657+0000] {dagbag.py:541} INFO - Filling up the DagBag from /opt/airflow/dags/dag-proyecto2.py
[2025-05-01T01:27:34.329+0000] {processor.py:809} INFO - DAG(s) dict_keys(['Pipeline-proyecto2']) retrieved from /opt/airflow/dags/dag-proyecto2.py
[2025-05-01T01:27:34.353+0000] {logging_mixin.py:149} INFO - [2025-05-01T01:27:34.353+0000] {dag.py:2726} INFO - Sync 1 DAGs
[2025-05-01T01:27:34.372+0000] {logging_mixin.py:149} INFO - [2025-05-01T01:27:34.372+0000] {dag.py:3486} INFO - Setting next_dagrun for Pipeline-proyecto2 to None, run_after=None
[2025-05-01T01:27:34.487+0000] {processor.py:178} INFO - Processing /opt/airflow/dags/dag-proyecto2.py took 1.835 seconds
