[2025-04-04T04:24:20.933+0000] {logging_mixin.py:149} INFO - Changing /opt/***/logs/dag_id=Pipeline-proyecto2/run_id=manual__2025-04-04T04:24:11.887988+00:00/task_id=load_raw_data permission to 509
[2025-04-04T04:24:20.967+0000] {logging_mixin.py:149} INFO - Changing /opt/***/logs/dag_id=Pipeline-proyecto2/run_id=manual__2025-04-04T04:24:11.887988+00:00/task_id=load_raw_data permission to 509
[2025-04-04T04:24:21.002+0000] {taskinstance.py:1125} INFO - Dependencies all met for dep_context=non-requeueable deps ti=<TaskInstance: Pipeline-proyecto2.load_raw_data manual__2025-04-04T04:24:11.887988+00:00 [queued]>
[2025-04-04T04:24:21.011+0000] {taskinstance.py:1125} INFO - Dependencies all met for dep_context=requeueable deps ti=<TaskInstance: Pipeline-proyecto2.load_raw_data manual__2025-04-04T04:24:11.887988+00:00 [queued]>
[2025-04-04T04:24:21.013+0000] {taskinstance.py:1331} INFO - Starting attempt 1 of 1
[2025-04-04T04:24:21.026+0000] {taskinstance.py:1350} INFO - Executing <Task(PythonOperator): load_raw_data> on 2025-04-04 04:24:11.887988+00:00
[2025-04-04T04:24:21.037+0000] {standard_task_runner.py:57} INFO - Started process 664 to run task
[2025-04-04T04:24:21.040+0000] {standard_task_runner.py:84} INFO - Running: ['***', 'tasks', 'run', 'Pipeline-proyecto2', 'load_raw_data', 'manual__2025-04-04T04:24:11.887988+00:00', '--job-id', '4', '--raw', '--subdir', 'DAGS_FOLDER/dag-proyecto2.py', '--cfg-path', '/tmp/tmpy4zz0guy']
[2025-04-04T04:24:21.043+0000] {standard_task_runner.py:85} INFO - Job 4: Subtask load_raw_data
[2025-04-04T04:24:21.101+0000] {logging_mixin.py:149} INFO - Changing /opt/***/logs/dag_id=Pipeline-proyecto2/run_id=manual__2025-04-04T04:24:11.887988+00:00/task_id=load_raw_data permission to 509
[2025-04-04T04:24:21.106+0000] {task_command.py:410} INFO - Running <TaskInstance: Pipeline-proyecto2.load_raw_data manual__2025-04-04T04:24:11.887988+00:00 [running]> on host d8a8722a294d
[2025-04-04T04:24:21.184+0000] {taskinstance.py:1568} INFO - Exporting env vars: AIRFLOW_CTX_DAG_OWNER='***' AIRFLOW_CTX_DAG_ID='Pipeline-proyecto2' AIRFLOW_CTX_TASK_ID='load_raw_data' AIRFLOW_CTX_EXECUTION_DATE='2025-04-04T04:24:11.887988+00:00' AIRFLOW_CTX_TRY_NUMBER='1' AIRFLOW_CTX_DAG_RUN_ID='manual__2025-04-04T04:24:11.887988+00:00'
[2025-04-04T04:24:21.471+0000] {logging_mixin.py:149} INFO - Añadiendo datos batch 1
[2025-04-04T04:24:24.761+0000] {logging_mixin.py:149} INFO - Batch repetido. No se añaden datos
[2025-04-04T04:24:28.009+0000] {logging_mixin.py:149} INFO - Añadiendo datos batch 2
[2025-04-04T04:24:31.654+0000] {logging_mixin.py:149} INFO - Batch repetido. No se añaden datos
[2025-04-04T04:24:34.850+0000] {logging_mixin.py:149} INFO - Añadiendo datos batch 3
[2025-04-04T04:24:38.065+0000] {logging_mixin.py:149} INFO - Batch repetido. No se añaden datos
[2025-04-04T04:24:38.607+0000] {logging_mixin.py:149} INFO - Batch repetido. No se añaden datos
[2025-04-04T04:24:41.822+0000] {logging_mixin.py:149} INFO - Añadiendo datos batch 4
[2025-04-04T04:24:45.044+0000] {logging_mixin.py:149} INFO - Batch repetido. No se añaden datos
[2025-04-04T04:24:48.241+0000] {logging_mixin.py:149} INFO - Añadiendo datos batch 5
[2025-04-04T04:24:51.459+0000] {logging_mixin.py:149} INFO - Batch repetido. No se añaden datos
[2025-04-04T04:24:54.653+0000] {logging_mixin.py:149} INFO - Añadiendo datos batch 6
[2025-04-04T04:24:57.903+0000] {logging_mixin.py:149} INFO - Batch repetido. No se añaden datos
[2025-04-04T04:25:01.096+0000] {logging_mixin.py:149} INFO - Añadiendo datos batch 7
[2025-04-04T04:25:04.324+0000] {logging_mixin.py:149} INFO - Batch repetido. No se añaden datos
[2025-04-04T04:25:04.832+0000] {logging_mixin.py:149} INFO - Batch repetido. No se añaden datos
[2025-04-04T04:25:08.070+0000] {logging_mixin.py:149} INFO - Añadiendo datos batch 8
[2025-04-04T04:25:11.339+0000] {logging_mixin.py:149} INFO - Batch repetido. No se añaden datos
[2025-04-04T04:25:14.553+0000] {logging_mixin.py:149} INFO - Añadiendo datos batch 9
[2025-04-04T04:25:17.843+0000] {logging_mixin.py:149} INFO - Batch repetido. No se añaden datos
[2025-04-04T04:25:21.060+0000] {logging_mixin.py:149} INFO - Añadiendo datos batch 10
[2025-04-04T04:25:21.114+0000] {logging_mixin.py:149} INFO - Todos los datos han sido guardados
[2025-04-04T04:25:24.630+0000] {python.py:183} INFO - Done. Returned value was: None
[2025-04-04T04:25:24.641+0000] {taskinstance.py:1368} INFO - Marking task as SUCCESS. dag_id=Pipeline-proyecto2, task_id=load_raw_data, execution_date=20250404T042411, start_date=20250404T042421, end_date=20250404T042524
[2025-04-04T04:25:24.692+0000] {local_task_job_runner.py:232} INFO - Task exited with return code 0
[2025-04-04T04:25:24.723+0000] {taskinstance.py:2674} INFO - 1 downstream tasks scheduled from follow-on schedule check
